                                     
Adapter #0

Number of Virtual Disks: 1
Virtual Drive: 0 (Target Id: 0)
Name                :
RAID Level          : Primary-5, Secondary-0, RAID Level Qualifier-3
Size                : 1.362 TB
Sector Size         : 512
Parity Size         : 465.25 GB
State               : Optimal
Strip Size          : 64 KB
Number Of Drives    : 4
Span Depth          : 1
Default Cache Policy: WriteBack, ReadAdaptive, Direct, No Write Cache if Bad BBU
Current Cache Policy: WriteBack, ReadAdaptive, Direct, No Write Cache if Bad BBU
Default Access Policy: Read/Write
Current Access Policy: Read/Write
Disk Cache Policy   : Disk's Default
Ongoing Progresses:
  Background Initialization: Completed 0%, Taken 0 min.
Encryption Type     : None
Default Power Savings Policy: Controller Defined
Current Power Savings Policy: None
Can spin up in 1 minute: Yes
LD has drives that support T10 power conditions: No
LD's IO profile supports MAX power savings with cached writes: No
Bad Blocks Exist: No
Is VD Cached: Yes
Cache Cade Type : Read Only
Number of Spans: 1
Span: 0 - Number of PDs: 4

PD: 0 Information
Enclosure Device ID: N/A
Slot Number: 0
Drive's position: DiskGroup: 0, Span: 0, Arm: 0
Enclosure position: N/A
Device Id: 0
WWN: 50014ee0ae7b61c5
Sequence Number: 6
Media Error Count: 0
Other Error Count: 0
Predictive Failure Count: 0
Last Predictive Failure Event Seq Number: 0
PD Type: SATA

Raw Size: 465.761 GB [0x3a386030 Sectors]
Non Coerced Size: 465.261 GB [0x3a286030 Sectors]
Coerced Size: 465.25 GB [0x3a280000 Sectors]
Sector Size:  0
Firmware state: Online, Spun Up
Device Firmware Level: 1S04
Shield Counter: 0
Successful diagnostics completion on :  N/A
SAS Address(0): 0x4433221107000000
Connected Port Number: 2(path0) 
Inquiry Data:      WD-WMAYP8041031WDC WD5003ABYX-18WERA0                  01.01S04
FDE Capable: Not Capable
FDE Enable: Disable
Secured: Unsecured
Locked: Unlocked
Needs EKM Attention: No
Foreign State: None 
Device Speed: 3.0Gb/s 
Link Speed: 3.0Gb/s 
Media Type: Hard Disk Device
Drive Temperature :35C (95.00 F)
PI Eligibility:  No 
Drive is formatted for PI information:  No
PI: No PI
Drive's NCQ setting : N/A
Port-0 :
Port status: Active
Port's Linkspeed: 3.0Gb/s 
Drive has flagged a S.M.A.R.T alert : No




PD: 1 Information
Enclosure Device ID: N/A
Slot Number: 1
Drive's position: DiskGroup: 0, Span: 0, Arm: 1
Enclosure position: N/A
Device Id: 1
WWN: 50014ee05925c428
Sequence Number: 6
Media Error Count: 0
Other Error Count: 0
Predictive Failure Count: 0
Last Predictive Failure Event Seq Number: 0
PD Type: SATA

Raw Size: 465.761 GB [0x3a386030 Sectors]
Non Coerced Size: 465.261 GB [0x3a286030 Sectors]
Coerced Size: 465.25 GB [0x3a280000 Sectors]
Sector Size:  0
Firmware state: Online, Spun Up
Device Firmware Level: 1S04
Shield Counter: 0
Successful diagnostics completion on :  N/A
SAS Address(0): 0x4433221106000000
Connected Port Number: 1(path0) 
Inquiry Data:      WD-WMAYP7926193WDC WD5003ABYX-18WERA0                  01.01S04
FDE Capable: Not Capable
FDE Enable: Disable
Secured: Unsecured
Locked: Unlocked
Needs EKM Attention: No
Foreign State: None 
Device Speed: 3.0Gb/s 
Link Speed: 3.0Gb/s 
Media Type: Hard Disk Device
Drive Temperature :35C (95.00 F)
PI Eligibility:  No 
Drive is formatted for PI information:  No
PI: No PI
Drive's NCQ setting : N/A
Port-0 :
Port status: Active
Port's Linkspeed: 3.0Gb/s 
Drive has flagged a S.M.A.R.T alert : No




PD: 2 Information
Enclosure Device ID: N/A
Slot Number: 2
Drive's position: DiskGroup: 0, Span: 0, Arm: 2
Enclosure position: N/A
Device Id: 2
WWN: 50014ee0ae7b6632
Sequence Number: 2
Media Error Count: 0
Other Error Count: 0
Predictive Failure Count: 0
Last Predictive Failure Event Seq Number: 0
PD Type: SATA

Raw Size: 465.761 GB [0x3a386030 Sectors]
Non Coerced Size: 465.261 GB [0x3a286030 Sectors]
Coerced Size: 465.25 GB [0x3a280000 Sectors]
Sector Size:  0
Firmware state: Online, Spun Up
Device Firmware Level: 1S04
Shield Counter: 0
Successful diagnostics completion on :  N/A
SAS Address(0): 0x4433221105000000
Connected Port Number: 3(path0) 
Inquiry Data:      WD-WMAYP8040536WDC WD5003ABYX-18WERA0                  01.01S04
FDE Capable: Not Capable
FDE Enable: Disable
Secured: Unsecured
Locked: Unlocked
Needs EKM Attention: No
Foreign State: None 
Device Speed: 3.0Gb/s 
Link Speed: 3.0Gb/s 
Media Type: Hard Disk Device
Drive Temperature :34C (93.20 F)
PI Eligibility:  No 
Drive is formatted for PI information:  No
PI: No PI
Drive's NCQ setting : N/A
Port-0 :
Port status: Active
Port's Linkspeed: 3.0Gb/s 
Drive has flagged a S.M.A.R.T alert : No




PD: 3 Information
Enclosure Device ID: N/A
Slot Number: 3
Drive's position: DiskGroup: 0, Span: 0, Arm: 3
Enclosure position: N/A
Device Id: 3
WWN: 50014ee003d097f2
Sequence Number: 2
Media Error Count: 0
Other Error Count: 0
Predictive Failure Count: 0
Last Predictive Failure Event Seq Number: 0
PD Type: SATA

Raw Size: 465.761 GB [0x3a386030 Sectors]
Non Coerced Size: 465.261 GB [0x3a286030 Sectors]
Coerced Size: 465.25 GB [0x3a280000 Sectors]
Sector Size:  0
Firmware state: Online, Spun Up
Device Firmware Level: 1S04
Shield Counter: 0
Successful diagnostics completion on :  N/A
SAS Address(0): 0x4433221104000000
Connected Port Number: 0(path0) 
Inquiry Data:      WD-WMAYP8042658WDC WD5003ABYX-18WERA0                  01.01S04
FDE Capable: Not Capable
FDE Enable: Disable
Secured: Unsecured
Locked: Unlocked
Needs EKM Attention: No
Foreign State: None 
Device Speed: 3.0Gb/s 
Link Speed: 3.0Gb/s 
Media Type: Hard Disk Device
Drive Temperature :35C (95.00 F)
PI Eligibility:  No 
Drive is formatted for PI information:  No
PI: No PI
Drive's NCQ setting : N/A
Port-0 :
Port status: Active
Port's Linkspeed: 3.0Gb/s 
Drive has flagged a S.M.A.R.T alert : No




Exit Code: 0x00
